<?xml version="1.0" encoding="UTF-8"?>
<!-- Generated by org.testng.reporters.JUnitXMLReporter -->
<testsuite ignored="0" hostname="DESKTOP-CSFQAL8" failures="1" tests="8" name="Test" time="208.897" errors="0" timestamp="2020-01-12T14:17:46 EST">
  <testcase classname="com.Class02.AssertionsDemo" name="logoValidation" time="0.09"/>
  <testcase classname="com.Class02.AssertionsDemo" name="titleVerification" time="0.017">
    <failure type="java.lang.AssertionError" message="Titles are matched! expected [Human Management System+Wrong] but found [Human Management System]">
      <![CDATA[java.lang.AssertionError: Titles are matched! expected [Human Management System+Wrong] but found [Human Management System]
at com.Class02.AssertionsDemo.titleVerification(AssertionsDemo.java:29)
at java.base/java.util.ArrayList.forEach(ArrayList.java:1540)
... Removed 31 stack frames]]>
    </failure>
  </testcase> <!-- titleVerification -->
  <testcase classname="com.Class02.AssertionsDemo" name="validLogin" time="14.182"/>
  <testcase classname="com.Class02.SoftAssertionDemo" name="logoAndLogin" time="18.413"/>
  <testcase classname="com.Class02.AssertionExercise" name="addEmp" time="24.899"/>
  <testcase classname="com.Class01.TestNGDemo" name="testOne" time="0.003"/>
  <testcase classname="com.Class01.TestNGDemo" name="testThree" time="0.007"/>
  <testcase classname="com.Class01.TestNGDemo" name="testTwo" time="0.002"/>
</testsuite> <!-- Test -->
